<?xml version="1.0" encoding="windows-1252" standalone="no"?>
<!DOCTYPE log SYSTEM "logger.dtd">
<log>
<record>
  <date>2019-10-04T10:14:53</date>
  <millis>1570198493307</millis>
  <sequence>0</sequence>
  <logger>MS3_Coding_Challenge</logger>
  <level>INFO</level>
  <class>MS3_Coding_Challenge.SQLiteBuilder</class>
  <method>writeLogFile</method>
  <thread>1</thread>
  <message>Number of records received: 6001</message>
</record>
<record>
  <date>2019-10-04T10:14:53</date>
  <millis>1570198493310</millis>
  <sequence>1</sequence>
  <logger>MS3_Coding_Challenge</logger>
  <level>INFO</level>
  <class>MS3_Coding_Challenge.SQLiteBuilder</class>
  <method>writeLogFile</method>
  <thread>1</thread>
  <message>Number of records successful: 4870</message>
</record>
<record>
  <date>2019-10-04T10:14:53</date>
  <millis>1570198493311</millis>
  <sequence>2</sequence>
  <logger>MS3_Coding_Challenge</logger>
  <level>INFO</level>
  <class>MS3_Coding_Challenge.SQLiteBuilder</class>
  <method>writeLogFile</method>
  <thread>1</thread>
  <message>Number of records failed: 1131</message>
</record>
</log>
